[www.triphobo.com/places/cameron-highlands-malaysia/cameron-highlands-butterfly-garden.html]
[backblue.gif]
[fade.gif]
[index.html]
[ak.jogurucdn.com/media/image/p14/place-2017-01-1-6-16c833b612956d02deeff05882d9199e.jpg]
[www.triphobo.com/img/desktop/transparent-bg.html]
[ak2.jogurucdn.com/resources_version/desktop/js/live/compressed_js/p0/adda_view_d6f31ca9cd9b960445fe3848fd2b5073.js]
[www.triphobo.com/places/cameron-highlands-malaysia/events-festivals.html]
[www.triphobo.com/places/cameron-highlands-malaysia/things-to-do/family-and-kids.html]
[www.triphobo.com/places/cameron-highlands-malaysia/time-tunnel-museum.html]
[www.triphobo.com/places/cameron-highlands-malaysia/cameron-bharat-tea-estate.html]
[www.triphobo.com/places/cameron-highlands-malaysia/agro-technology-park-in-mardi-caameron.html]
[ak.jogurucdn.com/media/image/p25/place-2017-01-1-6-16c833b612956d02deeff05882d9199e.jpg]
[ak1.jogurucdn.com/assets/styles/live/desktop/adda_view_bottoma689.css]
[ak2.jogurucdn.com/resources_version/desktop/js/live/compressed_js/p1/adda_view_fa3e69b1a6f4ab2f962a3782238db0f6.js]
[ak2.jogurucdn.com/resources_version/desktop/js/live/th_spkd72a.js]
[www.triphobo.com/places/cameron-highlands-malaysia/cameron-highlands-butterfly-garden.html]
[www.triphobo.com/img/desktop/white-close-icon.html]
[www.triphobo.com/img/desktop/transparent-bg.html]
[www.triphobo.com/img/desktop/submit-query.html]
[www.triphobo.com/img/desktop/black_patch.html]
[www.triphobo.com/img/desktop/sprites/ak-2-newc8d6.html]
[www.googletagmanager.com/gtm5445.html]
[www.triphobo.com/places/cameron-highlands-malaysia/best-time-to-visit.html]
[www.triphobo.com/places/cameron-highlands-malaysia/how-to-reach.html]
[ak.jogurucdn.com/media/image/p31/itinerary_images/558fba2efbc2e54943000016/72fc222f78885ed27a7e28fa082fd834.jpg]
[ak.jogurucdn.com/media/image/p31/itinerary_images/558fba2efbc2e54943000016/2a286e62b16a12bbbb885216066b2eb9.jpg]
[ak.jogurucdn.com/media/image/p31/itinerary_images/558fba2efbc2e54943000016/f94ae1148b7185c55a75d3c99fad4bcc.jpg]
[ak.jogurucdn.com/media/image/p31/itinerary_images/558fba2efbc2e54943000016/f8212a3554c210f7c0493ec7d2fb0760.jpg]
[ak.jogurucdn.com/media/image/p31/itinerary_images/558fba2efbc2e54943000016/a977903b84ceab1e3280f003da5918a5.jpg]
[www.triphobo.com/places/cameron-highlands-malaysia/events-festivals.html]
[www.triphobo.com/places/cameron-highlands-malaysia/restaurants.html]
[www.triphobo.com/places/cameron-highlands-malaysia/city-map.html]
[www.triphobo.com/places/cameron-highlands-malaysia/things-to-do.html]
[ak.jogurucdn.com/media/image/p17/place-2017-07-26-10-f8212a3554c210f7c0493ec7d2fb0760.jpg]
[ak2.jogurucdn.com/resources_version/desktop/js/live/compressed_js/p0/category_page_a768f517dea3e1243c8822aa25c77165.js]
[ak.jogurucdn.com/media/image/c1/place-2017-01-1-4-d3230afeb85034da4ccd33aae169bb23.jpg]
[ak.jogurucdn.com/media/image/c1/place-2017-01-1-5-6fabcf18b192da9f33def66edb1b3a2a.jpg]
[ak.jogurucdn.com/media/image/c1/place-2017-01-1-5-2c6643a145607c706cd4a5f63a92e447.jpg]
[ak.jogurucdn.com/media/image/c1/place-2017-01-1-5-cb6b4303402161acdef6a0e6cdad6768.jpg]
[ak.jogurucdn.com/media/image/c1/place-2017-01-1-5-6ed33e0402c2fd9049821b450a40ce0a.jpg]
[ak.jogurucdn.com/media/image/c1/place-2017-01-1-5-5f341bff659885078f0a36932b0f5bfb.jpg]
[ak.jogurucdn.com/media/image/c1/place-2017-01-1-6-653d1745f016e54dbb9e35487c6cd44d.jpg]
[ak.jogurucdn.com/media/image/c1/place-2017-01-1-6-dc94becc5eb1a320c6d85ebd5e707bc9.jpg]
[ak.jogurucdn.com/media/image/c1/place-2017-01-1-6-16c833b612956d02deeff05882d9199e.jpg]
[ak.jogurucdn.com/media/image/c1/place-2017-01-1-6-a734800a5d6fa8ec2036e8b96f017dc9.jpg]
[www.triphobo.com/places/cameron-highlands-malaysia/cactus-valley.html]
[ak.jogurucdn.com/media/image/c1/place-2017-01-1-6-5a6e449d31cc6b8e4178ba798bf9d9da.jpg]
[www.triphobo.com/places/cameron-highlands-malaysia/church-of-our-lady-of-mount-carmel.html]
[ak.jogurucdn.com/media/image/c1/place-2017-01-1-6-122daf8a542b2254f4fc4d353b88f18c.jpg]
[ak.jogurucdn.com/media/image/c1/place-2017-01-1-7-2172fbebcf9ae30be9e2e0ac8017b3e4.jpg]
[www.triphobo.com/places/cameron-highlands-malaysia/rose-valley.html]
[ak.jogurucdn.com/media/image/c1/place-2017-08-15-13-Rosevalley440f37642baa4bf74a4473befd219f69.jpg]
[ak.jogurucdn.com/media/image/c1/place-2017-01-1-7-5ff5ecc508b95806c0c3ed9da793f11b.jpg]
[ak1.jogurucdn.com/assets/styles/live/desktop/city_things_to_do_bottomc280.css]
[www.triphobo.com/places/cameron-highlands-malaysia/things-to-do/family-and-kids.html]
[www.triphobo.com/places/cameron-highlands-malaysia/ee-feng-gu-bee-farm.html]
[ak2.jogurucdn.com/resources_version/desktop/js/live/compressed_js/p1/category_page_53ebaaf3a1a2b1a423223f4a2485b000.js]
[ak.jogurucdn.com/media/image/p14/place-2017-01-1-5-cb6b4303402161acdef6a0e6cdad6768.jpg]
[ak.jogurucdn.com/media/image/p25/place-2017-01-1-5-cb6b4303402161acdef6a0e6cdad6768.jpg]
[www.triphobo.com/places/cameron-highlands-malaysia/time-tunnel-museum.html]
[ak.jogurucdn.com/media/image/p14/place-2017-01-1-5-6fabcf18b192da9f33def66edb1b3a2a.jpg]
[ak.jogurucdn.com/media/image/p25/place-2017-01-1-5-6fabcf18b192da9f33def66edb1b3a2a.jpg]
[www.triphobo.com/places/cameron-highlands-malaysia/cameron-bharat-tea-estate.html]
[www.triphobo.com/places/cameron-highlands-malaysia/sam-poh-temple.html]
[www.triphobo.com/places/cameron-highlands-malaysia/gunung-brinchang.html]
[ak.jogurucdn.com/media/image/p14/place-2017-01-1-6-653d1745f016e54dbb9e35487c6cd44d.jpg]
[ak.jogurucdn.com/resources_version/desktop/img/loading/loadinfo-small-net.gif]
[ak.jogurucdn.com/media/image/p25/place-2017-01-1-6-653d1745f016e54dbb9e35487c6cd44d.jpg]
[www.triphobo.com/places/cameron-highlands-malaysia/agro-technology-park-in-mardi-caameron.html]
[ak1.jogurucdn.com/assets/img/desktop/sprites/plp.png]
[ak1.jogurucdn.com/assets/img/desktop/custom-rt.png]
[ak1.jogurucdn.com/assets/img/desktop/close-icon.png]
[ak1.jogurucdn.com/assets/img/desktop/arw_tooltip.png]
[ak1.jogurucdn.com/assets/img/desktop/transparent-bg.png]
[ak1.jogurucdn.com/assets/styles/live/desktop/adda_view_bottoma689.css]
[ak2.jogurucdn.com/resources_version/desktop/js/live/compressed_js/p0/city_events_festivals_a768f517dea3e1243c8822aa25c77165.html]
[ak1.jogurucdn.com/assets/styles/live/desktop/city_events_festivals_bottoma689.html]
[ak2.jogurucdn.com/resources_version/desktop/js/live/compressed_js/p1/city_events_festivals_f6dc9d271c8416aaef44a7192ad4257c.html]
[www.triphobo.com/places/cameron-highlands-malaysia/things-to-do/family-and-kids53d8.html]
[www.triphobo.com/places/cameron-highlands-malaysia/cameron-lavender-garden.html]
[www.triphobo.com/places/cameron-highlands-malaysia/raju-hill-strawberry-farm.html]
[ak.jogurucdn.com/media/image/p14/place-2017-01-1-6-5a6e449d31cc6b8e4178ba798bf9d9da.jpg]
[ak.jogurucdn.com/media/image/p25/place-2017-01-1-6-5a6e449d31cc6b8e4178ba798bf9d9da.jpg]
[www.triphobo.com/places/cameron-highlands-malaysia/cactus-valley.html]
[ak.jogurucdn.com/media/image/p14/place-2017-01-1-6-122daf8a542b2254f4fc4d353b88f18c.jpg]
[www.triphobo.com/places/cameron-highlands-malaysia/church-of-our-lady-of-mount-carmel.html]
[www.triphobo.com/places/cameron-highlands-malaysia/kok-lim-strawberry-farm.html]
[ak.jogurucdn.com/media/image/p25/place-2017-01-1-6-122daf8a542b2254f4fc4d353b88f18c.jpg]
[ak.jogurucdn.com/media/image/p14/place-2017-08-15-13-Rosevalley440f37642baa4bf74a4473befd219f69.jpg]
[ak.jogurucdn.com/media/image/p25/place-2017-08-15-13-Rosevalley440f37642baa4bf74a4473befd219f69.jpg]
[www.triphobo.com/places/cameron-highlands-malaysia/rose-valley.html]
[www.triphobo.com/places/cameron-highlands-malaysia/tans-camellia-garden.html]
[ak1.jogurucdn.com/assets/img/desktop/white-close-icon.png]
[ak1.jogurucdn.com/assets/img/desktop/black_patch.png]
[ak1.jogurucdn.com/assets/img/desktop/src-section-ico.png]
[ak1.jogurucdn.com/assets/img/desktop/calender-big.png]
[ak1.jogurucdn.com/assets/img/desktop/sprites/ak-2-newc8d6.png]
[ak1.jogurucdn.com/assets/styles/live/desktop/city_things_to_do_bottomc280.css]
[www.triphobo.com/places/cameron-highlands-malaysia/things-to-do/museums.html]
[ak1.jogurucdn.com/assets/img/desktop/sprites/new-footer-logos-sprite-opt2.html]
[www.triphobo.com/places/cameron-highlands-malaysia/mah-meri-art-gallery.html]
[www.triphobo.com/places/cameron-highlands-malaysia/thompson-falls.html]
[ak1.jogurucdn.com/assets/img/desktop/submit-query.html]
[ak1.jogurucdn.com/assets/img/desktop/sprites/atr-sprite-new-img-1.html]
