[www.centurypinesresort.com/activity-cameron-highlands/cactus-valley.html]
[static.wixstatic.com/media/3031f2_0071430966b0481baf429b2d0324b3f5_mv2.png/v1/fill/w_32,h_32,lg_1,usm_0.66_1.00_0.01/3031f2_0071430966b0481baf429b2d0324b3f5_mv2.2]
[static.wixstatic.com/media/3031f2_0071430966b0481baf429b2d0324b3f5_mv2.png/v1/fill/w_192,h_192,lg_1,usm_0.66_1.00_0.01/3031f2_0071430966b0481baf429b2d0324b3f5_mv2]
[static.parastorage.com/unpkg/core-js-bundle@3.2.1/minified.js]
[static.wixstatic.com/media/3031f2_0071430966b0481baf429b2d0324b3f5_mv2.png/v1/fill/w_180,h_180,lg_1,usm_0.66_1.00_0.01/3031f2_0071430966b0481baf429b2d0324b3f5_mv2]
[static.parastorage.com/unpkg/focus-within-polyfill@5.0.9/dist/focus-within-polyfill.js]
[backblue.gif]
[fade.gif]
[index.html]
[polyfill-fastly.io/v3/polyfill.mind82c.js]
[static.wixstatic.com/media/3031f2_4e646a14dde4480291a2b0c29c16017f_mv2.png/v1/fill/w_100,h_57,al_c,q_85,usm_0.66_1.00_0.01,enc_avi/cuticutimalaysialogo.png]
[static.wixstatic.com/media/3031f2_c7e6dd060bba41a18e0061f4f7b1ed4f_mv2.png/v1/fill/w_90,h_50,al_c,q_85,usm_0.66_1.00_0.01,enc_avif/ThisPahang_Unlimited_TP (1).9.de]
[www.centurypinesresort.com/activity-cameron-highlands/boh-tea-plantation.html]
[static.wixstatic.com/media/3031f2_b2c1f2be215d4fd7801bebc887ffa61f_mv2.png/v1/fill/w_50,h_50,al_c,q_85,usm_0.66_1.00_0.01,enc_avif/301357717_496986625762551_722030]
[www.centurypinesresort.com/activity-cameron-highlands/tanah-rata-town.html]
[www.centurypinesresort.com/activity-cameron-highlands/mossy-forest.html]
[www.centurypinesresort.com/activity-cameron-highlands/brinchang-town.html]
[www.centurypinesresort.com/activity-cameron-highlands/mossy-forest-jeep-tour.html]
[www.centurypinesresort.com/activity-cameron-highlands/kea-farm-morning-market.html]
[www.centurypinesresort.com/activity-cameron-highlands/time-tunnel-museum.html]
[www.centurypinesresort.com/activity-cameron-highlands/green-view-garden.html]
[www.centurypinesresort.com/activity-cameron-highlands/big-red-strawberry-farm.html]
[www.centurypinesresort.com/activity-cameron-highlands/mah-meri-art-gallery.html]
[www.centurypinesresort.com/activity-cameron-highlands/thompson-falls-tanah-rata.html]
[www.centurypinesresort.com/activity-cameron-highlands/mount-brinchang.html]
[www.centurypinesresort.com/activity-cameron-highlands/orang-asli-villages.html]
[www.centurypinesresort.com/activity-cameron-highlands/agro-technology-park-mardi.html]
[www.centurypinesresort.com/activity-cameron-highlands/bharat-tea-cameron-highlands.18.delayed]
[www.centurypinesresort.com/activity-cameron-highlands/honey-bee-farm.html]
[www.centurypinesresort.com/activity-cameron-highlands/sri-tehndayuthapani-swamy.html]
[www.centurypinesresort.com/activity-cameron-highlands/mount-brinchang-jungle-trail.html]
[www.centurypinesresort.com/activity-cameron-highlands/sam-poh-temple.html]
[www.centurypinesresort.com/activity-cameron-highlands/night-market-cameron-highlands.html]
[www.centurypinesresort.com/activity-cameron-highlands/abu-bakar-mosque.html]
[www.centurypinesresort.com/activity-cameron-highlands/sultan-ahmad-shah-golf-club.html]
[www.centurypinesresort.com/activity-cameron-highlands/cameron-adventurous-atv-&-safari.html]
[www.centurypinesresort.com/activity-cameron-highlands/cameron-highlands-flora-park.html]
[www.centurypinesresort.com/activity-cameron-highlands/majlis-daerah-cameron-highlands-public-field.html]
[www.centurypinesresort.com/activity-cameron-highlands/rose-valley.html]
[www.centurypinesresort.com/activity-cameron-highlands/cat-house-cameron-highlands.html]
[www.centurypinesresort.com/activity-cameron-highlands/tanah-rata-coronation-park.html]
[www.centurypinesresort.com/activity-cameron-highlands/raju's-hill-strawberry-farm.html]
[www.centurypinesresort.com/activity-cameron-highlands/cameron-centrum-clock-tower.html]
[www.centurypinesresort.com/activity-cameron-highlands/iconic-cameron-sunrise-viewing-spot.html]
[www.centurypinesresort.com/activity-cameron-highlands/taman-sedia-village.html]
[www.centurypinesresort.com/activity-cameron-highlands/centrum-boulevard-shopping-mall.html]
[www.centurypinesresort.com/activity-cameron-highlands/the-sheep-sanctuary.html]
[www.centurypinesresort.com/activity-cameron-highlands/hobbiton-village-@-flora-park.html]
[www.centurypinesresort.com/activity-cameron-highlands/media/emptystate.85a4add5.2d.delayed]
[static.wixstatic.com/media/3031f2_168025e0018e434da8119bebbe431841_mv2.jpg/v1/fill/w_320,h_240,q_90/3031f2_168025e0018e434da8119bebbe431841_mv2.jpg]
[static.wixstatic.com/media/3031f2_28dbc90580204cf79587d60cf45bf975_mv2.jpg/v1/fill/w_320,h_240,q_90/3031f2_28dbc90580204cf79587d60cf45bf975_mv2.jpg]
[static.wixstatic.com/media/3031f2_a24fd7ce47474d35b774489ad35b4687_mv2.jpg/v1/fill/w_320,h_240,q_90/3031f2_a24fd7ce47474d35b774489ad35b4687_mv2.jpg]
[static.parastorage.com/services/wix-thunderbolt/dist/8875.d06b9c87.bundle.min.js]
[static.wixstatic.com/media/3031f2_c7e6dd060bba41a18e0061f4f7b1ed4f_mv2.png/v1/fill/w_209,h_116,al_c,q_85,usm_0.66_1.00_0.01,enc_av/ThisPahang_Unlimited_TP (1).31.d]
[static.wixstatic.com/media/3031f2_8fd4e6f2818548e282d2c2481cd37bb9_mv2.jpg/v1/fill/w_147,h_45,al_c,q_80,usm_0.66_1.00_0.01,blur_2,/the-cooling-breeze-that.32.delay]
[browser.sentry-cdn.com/6.18.2/bundle.min.js]
[www.centurypinesresort.com/activity-cameron-highlands/robots.35.delayed]
[www.centurypinesresort.com/activity-cameron-highlands/sitemap.36.delayed]
[www.centurypinesresort.com/activity-cameron-highlands/feed.37.delayed]
[static.parastorage.com/services/wix-thunderbolt/dist/thunderbolt-commons.5d248558.bundle.min.js]
[static.parastorage.com/services/wix-thunderbolt/dist/main.6284a4aa.bundle.min.js]
[static.parastorage.com/services/wix-thunderbolt/dist/main.renderer.1d21f023.bundle.min.js]
[static.parastorage.com/unpkg/lodash@4.17.21/lodash.min.js]
[static.parastorage.com/unpkg/react@18.3.1/umd/react.production.min.js]
[static.parastorage.com/unpkg/react-dom@18.3.1/umd/react-dom.production.min.js]
[static.parastorage.com/services/wix-thunderbolt/dist/browser-deprecation.bundle.es5.js]
[static.parastorage.com/services/pro-gallery-tpa/1.1037.0/WixProGalleryViewerWidget.bundle.min.js]
[www.centurypinesresort.com/activity-cameron-highlands/decodeURIComponent(e.html]
[static.parastorage.com/services/tag-manager-client/1.875.0/siteTags.bundle.min.js]
[www.centurypinesresort.com/activity-cameron-highlands/cactus-valley.html]
[static.wixstatic.com/media/3031f2_9143ea4dbe6e40268c168b8ffd6aab9b_mv2.jpg/v1/fill/w_320,h_240,q_90/3031f2_9143ea4dbe6e40268c168b8ffd6aab9b_mv2.jpg]
[static.wixstatic.com/media/3031f2_cf47e2b3523248a099f581d3f2f0f705_mv2.jpg/v1/fill/w_320,h_240,q_90/3031f2_cf47e2b3523248a099f581d3f2f0f705_mv2.jpg]
[static.wixstatic.com/media/3031f2_22d422c83622489aa3a553419d1b5e07_mv2.jpg/v1/fill/w_320,h_240,q_90/3031f2_22d422c83622489aa3a553419d1b5e07_mv2.jpg]
[www.centurypinesresort.com/activity-cameron-highlands/boh-tea-plantation.html]
[static.wixstatic.com/media/3031f2_c7e0d55f32db48be830ea4c6209bf786_mv2.jpg/v1/fill/w_320,h_240,q_90/3031f2_c7e0d55f32db48be830ea4c6209bf786_mv2.jpg]
[static.wixstatic.com/media/3031f2_55558298c30c4b5db24e482f83b937d8_mv2.jpg/v1/fill/w_320,h_240,q_90/3031f2_55558298c30c4b5db24e482f83b937d8_mv2.jpg]
[www.centurypinesresort.com/activity-cameron-highlands/tanah-rata-town.html]
[static.wixstatic.com/media/3031f2_ec00e8c23ab945b2993ba8f35003dbe8_mv2.jpg/v1/fill/w_320,h_240,q_90/3031f2_ec00e8c23ab945b2993ba8f35003dbe8_mv2.jpg]
[static.wixstatic.com/media/3031f2_ec3f8587b74f43f3b9b456d95a2167e4_mv2.jpg/v1/fill/w_320,h_240,q_90/3031f2_ec3f8587b74f43f3b9b456d95a2167e4_mv2.jpg]
[static.wixstatic.com/media/3031f2_18e27500ea8548e682c67614107da5fb_mv2.jpg/v1/fill/w_320,h_240,q_90/3031f2_18e27500ea8548e682c67614107da5fb_mv2.jpg]
[www.centurypinesresort.com/activity-cameron-highlands/brinchang-town.html]
[static.wixstatic.com/media/3031f2_30f3a7465afe474a9a9829781ba8c7d8_mv2.jpg/v1/fill/w_320,h_240,q_90/3031f2_30f3a7465afe474a9a9829781ba8c7d8_mv2.jpg]
[static.wixstatic.com/media/3031f2_a176852850994aeaa78d96ff99bf7512_mv2.jpg/v1/fill/w_320,h_240,q_90/3031f2_a176852850994aeaa78d96ff99bf7512_mv2.jpg]
[static.wixstatic.com/media/3031f2_6115254fd6774a3bbb04870265694ebb_mv2.jpg/v1/fill/w_320,h_240,q_90/3031f2_6115254fd6774a3bbb04870265694ebb_mv2.jpg]
[www.centurypinesresort.com/activity-cameron-highlands/mossy-forest.html]
[static.wixstatic.com/media/3031f2_a93b803fba7248e78a3ad5af8ee8736c_mv2.jpg/v1/fill/w_320,h_240,q_90/3031f2_a93b803fba7248e78a3ad5af8ee8736c_mv2.jpg]
[static.wixstatic.com/media/3031f2_f7fc89d4b66f49ce8ab1dd0b878c6e6d_mv2.jpg/v1/fill/w_320,h_240,q_90/3031f2_f7fc89d4b66f49ce8ab1dd0b878c6e6d_mv2.jpg]
[static.wixstatic.com/media/3031f2_b9c4728f777844ec9fccc1fb081c75b8_mv2.jpg/v1/fill/w_320,h_240,q_90/3031f2_b9c4728f777844ec9fccc1fb081c75b8_mv2.jpg]
[www.centurypinesresort.com/activity-cameron-highlands/mossy-forest-jeep-tour.html]
[static.wixstatic.com/media/3031f2_46dceb68a2f44316a500c39e1ba08989_mv2.jpg/v1/fill/w_320,h_240,q_90/3031f2_46dceb68a2f44316a500c39e1ba08989_mv2.jpg]
[static.wixstatic.com/media/3031f2_5721a06a3a1040eda19d3f75e00416a3_mv2.jpg/v1/fill/w_320,h_240,q_90/3031f2_5721a06a3a1040eda19d3f75e00416a3_mv2.jpg]
[static.wixstatic.com/media/3031f2_3a2a0358f50649bbb5e306ecb05d616f_mv2.jpg/v1/fill/w_320,h_240,q_90/3031f2_3a2a0358f50649bbb5e306ecb05d616f_mv2.jpg]
[www.centurypinesresort.com/activity-cameron-highlands/kea-farm-morning-market.html]
[static.wixstatic.com/media/3031f2_7c3e16712ec54faba4715413d5c916d2_mv2.jpg/v1/fill/w_320,h_240,q_90/3031f2_7c3e16712ec54faba4715413d5c916d2_mv2.jpg]
[static.wixstatic.com/media/3031f2_9f8b59bc357d41f0b9feda3360d90a90_mv2.jpg/v1/fill/w_320,h_240,q_90/3031f2_9f8b59bc357d41f0b9feda3360d90a90_mv2.jpg]
[static.wixstatic.com/media/3031f2_925fe45f229a49c7886e203e89b77409_mv2.jpg/v1/fill/w_320,h_240,q_90/3031f2_925fe45f229a49c7886e203e89b77409_mv2.jpg]
[www.centurypinesresort.com/activity-cameron-highlands/time-tunnel-museum.html]
[static.wixstatic.com/media/3031f2_bbc0b758ae544028a5ce075c51651b82_mv2.jpg/v1/fill/w_320,h_240,q_90/3031f2_bbc0b758ae544028a5ce075c51651b82_mv2.jpg]
[static.wixstatic.com/media/3031f2_6a8a96fe48254422b65e76f587f35c37_mv2.jpg/v1/fill/w_320,h_240,q_90/3031f2_6a8a96fe48254422b65e76f587f35c37_mv2.jpg]
[www.centurypinesresort.com/activity-cameron-highlands/green-view-garden.html]
[static.wixstatic.com/media/3031f2_25f10ee06b8b4e69a87ccde88e31db19_mv2.jpg/v1/fill/w_320,h_240,q_90/3031f2_25f10ee06b8b4e69a87ccde88e31db19_mv2.jpg]
[static.wixstatic.com/media/3031f2_9b68e105dfb14e509fbc36a0f97bf770_mv2.jpg/v1/fill/w_320,h_240,q_90/3031f2_9b68e105dfb14e509fbc36a0f97bf770_mv2.jpg]
[static.wixstatic.com/media/3031f2_1f11ed6126ed4e35bf5035d60fcf897e_mv2.jpg/v1/fill/w_320,h_240,q_90/3031f2_1f11ed6126ed4e35bf5035d60fcf897e_mv2.jpg]
[www.centurypinesresort.com/activity-cameron-highlands/big-red-strawberry-farm.html]
[static.wixstatic.com/media/3031f2_316ab15846bd463b80cf0ac092508e4c_mv2.jpg/v1/fill/w_320,h_240,q_90/3031f2_316ab15846bd463b80cf0ac092508e4c_mv2.jpg]
[static.wixstatic.com/media/3031f2_2361d44064294833ba3ae746d8303af7_mv2.jpg/v1/fill/w_320,h_240,q_90/3031f2_2361d44064294833ba3ae746d8303af7_mv2.jpg]
[static.wixstatic.com/media/3031f2_f99d7f51be6740c0b07306912267ce85_mv2.jpg/v1/fill/w_320,h_240,q_90/3031f2_f99d7f51be6740c0b07306912267ce85_mv2.jpg]
[www.centurypinesresort.com/activity-cameron-highlands/thompson-falls-tanah-rata.html]
[static.wixstatic.com/media/3031f2_fb04517162084c9f84e43477f48bc74e_mv2.jpg/v1/fill/w_320,h_240,q_90/3031f2_fb04517162084c9f84e43477f48bc74e_mv2.jpg]
[static.wixstatic.com/media/3031f2_445d297cb6394d729511f719f7a5202b_mv2.jpg/v1/fill/w_320,h_240,q_90/3031f2_445d297cb6394d729511f719f7a5202b_mv2.jpg]
[static.wixstatic.com/media/3031f2_6724324619244a87bafb8d0e16fc6f45_mv2.jpg/v1/fill/w_320,h_240,q_90/3031f2_6724324619244a87bafb8d0e16fc6f45_mv2.jpg]
[www.centurypinesresort.com/activity-cameron-highlands/mah-meri-art-gallery.html]
[static.wixstatic.com/media/3031f2_3d78ee068e3c43ef92e67603ab366310_mv2.jpg/v1/fill/w_320,h_240,q_90/3031f2_3d78ee068e3c43ef92e67603ab366310_mv2.jpg]
[static.wixstatic.com/media/3031f2_026b2ff6e7974747805b2ba93afa2020_mv2.jpg/v1/fill/w_320,h_240,q_90/3031f2_026b2ff6e7974747805b2ba93afa2020_mv2.jpg]
[static.wixstatic.com/media/3031f2_433ba7cca7bf4ac0b6a400aeabede0e2_mv2.jpg/v1/fill/w_320,h_240,q_90/3031f2_433ba7cca7bf4ac0b6a400aeabede0e2_mv2.jpg]
[www.centurypinesresort.com/activity-cameron-highlands/mount-brinchang.html]
[static.wixstatic.com/media/3031f2_3608db31286949de8bca75ddced133c2_mv2.jpg/v1/fill/w_320,h_240,q_90/3031f2_3608db31286949de8bca75ddced133c2_mv2.jpg]
[static.wixstatic.com/media/3031f2_6f608497183147d4b085a975c8a745e6_mv2.jpg/v1/fill/w_320,h_240,q_90/3031f2_6f608497183147d4b085a975c8a745e6_mv2.jpg]
[static.wixstatic.com/media/3031f2_2487020f749d43a8b3bd07c874aa0fea_mv2.jpg/v1/fill/w_320,h_240,q_90/3031f2_2487020f749d43a8b3bd07c874aa0fea_mv2.jpg]
[www.centurypinesresort.com/activity-cameron-highlands/agro-technology-park-mardi.html]
[static.wixstatic.com/media/3031f2_0eba90c10aaf47f294c807aba33cdc32_mv2.jpg/v1/fill/w_320,h_240,q_90/3031f2_0eba90c10aaf47f294c807aba33cdc32_mv2.jpg]
[static.wixstatic.com/media/3031f2_bde425d067e449c2a51d5b474e238756_mv2.jpg/v1/fill/w_320,h_240,q_90/3031f2_bde425d067e449c2a51d5b474e238756_mv2.jpg]
[static.wixstatic.com/media/3031f2_bfdb2db5ce79493ea0c6e9fe088687e7_mv2.jpg/v1/fill/w_320,h_240,q_90/3031f2_bfdb2db5ce79493ea0c6e9fe088687e7_mv2.jpg]
[www.centurypinesresort.com/activity-cameron-highlands/orang-asli-villages.html]
[www.centurypinesresort.com/activity-cameron-highlands/bharat-tea-cameron-highlands.html]
[static.wixstatic.com/media/3031f2_e0147f9186994659a6acb3357f0f66d4_mv2.jpg/v1/fill/w_320,h_240,q_90/3031f2_e0147f9186994659a6acb3357f0f66d4_mv2.jpg]
[static.wixstatic.com/media/3031f2_e9548d7ee2f34bd4a153012985e9abc9_mv2.jpg/v1/fill/w_320,h_240,q_90/3031f2_e9548d7ee2f34bd4a153012985e9abc9_mv2.jpg]
[static.wixstatic.com/media/3031f2_147c26a097a9403ba91146d4d692297e_mv2.jpg/v1/fill/w_320,h_240,q_90/3031f2_147c26a097a9403ba91146d4d692297e_mv2.jpg]
[www.centurypinesresort.com/activity-cameron-highlands/honey-bee-farm.html]
[static.wixstatic.com/media/3031f2_ee79f6ecadec40c38798bfc05be894ce_mv2.jpg/v1/fill/w_320,h_240,q_90/3031f2_ee79f6ecadec40c38798bfc05be894ce_mv2.jpg]
[static.wixstatic.com/media/3031f2_d9def96265e74e9cbb3ef9893841f1c6_mv2.jpg/v1/fill/w_320,h_240,q_90/3031f2_d9def96265e74e9cbb3ef9893841f1c6_mv2.jpg]
[static.wixstatic.com/media/3031f2_fe25427fcfbf4fe89e47be83de4b515a_mv2.jpg/v1/fill/w_320,h_240,q_90/3031f2_fe25427fcfbf4fe89e47be83de4b515a_mv2.jpg]
[www.centurypinesresort.com/activity-cameron-highlands/sri-tehndayuthapani-swamy.html]
[static.wixstatic.com/media/3031f2_2e129f9ad9ff40648dbbbcf37b9e7e6c_mv2.jpg/v1/fill/w_320,h_240,q_90/3031f2_2e129f9ad9ff40648dbbbcf37b9e7e6c_mv2.jpg]
[static.wixstatic.com/media/3031f2_2709c067d1bc4c299e191598a3d5f546_mv2.jpg/v1/fill/w_320,h_240,q_90/3031f2_2709c067d1bc4c299e191598a3d5f546_mv2.jpg]
[static.wixstatic.com/media/3031f2_aaf3e42d04ee4efeac8191e193995b57_mv2.jpg/v1/fill/w_320,h_240,q_90/3031f2_aaf3e42d04ee4efeac8191e193995b57_mv2.jpg]
[www.centurypinesresort.com/activity-cameron-highlands/night-market-cameron-highlands.html]
[static.wixstatic.com/media/3031f2_259d042164734db7ad0fd1d18aa6f5e2_mv2.jpg/v1/fill/w_320,h_240,q_90/3031f2_259d042164734db7ad0fd1d18aa6f5e2_mv2.jpg]
[static.wixstatic.com/media/3031f2_f67c4ec8bb74440e91034595d8f3556b_mv2.jpg/v1/fill/w_320,h_240,q_90/3031f2_f67c4ec8bb74440e91034595d8f3556b_mv2.jpg]
[static.wixstatic.com/media/3031f2_6b1263dad5114b01a22932b4e648dfee_mv2.jpg/v1/fill/w_320,h_240,q_90/3031f2_6b1263dad5114b01a22932b4e648dfee_mv2.jpg]
[www.centurypinesresort.com/activity-cameron-highlands/mount-brinchang-jungle-trail.html]
[static.wixstatic.com/media/3031f2_2da978bf0a034d8abbc70f620b5f2583_mv2.jpg/v1/fill/w_320,h_240,q_90/3031f2_2da978bf0a034d8abbc70f620b5f2583_mv2.jpg]
[static.wixstatic.com/media/3031f2_08ba7c0e7729408e8506fb2c8d9aab2f_mv2.jpg/v1/fill/w_320,h_240,q_90/3031f2_08ba7c0e7729408e8506fb2c8d9aab2f_mv2.jpg]
[static.wixstatic.com/media/3031f2_4479b942ab484adc9efa75a326df9089_mv2.jpg/v1/fill/w_320,h_240,q_90/3031f2_4479b942ab484adc9efa75a326df9089_mv2.jpg]
[www.centurypinesresort.com/activity-cameron-highlands/sam-poh-temple.html]
[static.wixstatic.com/media/3031f2_190e2689c39741b78fc1abba5db50240_mv2.jpg/v1/fill/w_320,h_240,q_90/3031f2_190e2689c39741b78fc1abba5db50240_mv2.jpg]
[static.wixstatic.com/media/3031f2_bca5c6d11b9a4cb29ba8a340b67499d9_mv2.jpg/v1/fill/w_320,h_240,q_90/3031f2_bca5c6d11b9a4cb29ba8a340b67499d9_mv2.jpg]
[static.wixstatic.com/media/3031f2_d735724479ab4ee08bea04388652d7d1_mv2.jpg/v1/fill/w_320,h_240,q_90/3031f2_d735724479ab4ee08bea04388652d7d1_mv2.jpg]
[www.centurypinesresort.com/activity-cameron-highlands/abu-bakar-mosque.html]
[static.wixstatic.com/media/3031f2_607c60ba0d6c46689b780357fba78efe_mv2.jpg/v1/fill/w_320,h_240,q_90/3031f2_607c60ba0d6c46689b780357fba78efe_mv2.jpg]
[static.wixstatic.com/media/3031f2_59b07a5fb13540b2a3c6a933dd897075_mv2.jpg/v1/fill/w_320,h_240,q_90/3031f2_59b07a5fb13540b2a3c6a933dd897075_mv2.jpg]
[static.wixstatic.com/media/3031f2_aae7e3b7aece4bbb83b406274e5105ce_mv2.jpg/v1/fill/w_320,h_240,q_90/3031f2_aae7e3b7aece4bbb83b406274e5105ce_mv2.jpg]
[www.centurypinesresort.com/activity-cameron-highlands/sultan-ahmad-shah-golf-club.html]
[static.wixstatic.com/media/3031f2_6abfba7a85cb424c893d3ef5ec2b2554_mv2.jpg/v1/fill/w_320,h_240,q_90/3031f2_6abfba7a85cb424c893d3ef5ec2b2554_mv2.jpg]
[static.wixstatic.com/media/3031f2_24b0ce7392184b329f9526ba2ff378e7_mv2.jpg/v1/fill/w_320,h_240,q_90/3031f2_24b0ce7392184b329f9526ba2ff378e7_mv2.jpg]
[static.wixstatic.com/media/3031f2_4de46e6582a54ccd89c3158e2f392233_mv2.jpg/v1/fill/w_320,h_240,q_90/3031f2_4de46e6582a54ccd89c3158e2f392233_mv2.jpg]
[www.centurypinesresort.com/activity-cameron-highlands/cameron-adventurous-atv-&-safari.html]
[static.wixstatic.com/media/3031f2_53319b649dce44d4834bbe3f7ea12079_mv2.jpg/v1/fill/w_320,h_240,q_90/3031f2_53319b649dce44d4834bbe3f7ea12079_mv2.jpg]
[static.wixstatic.com/media/3031f2_b7aad304d8c54fcd963005804751cd27_mv2.jpg/v1/fill/w_320,h_240,q_90/3031f2_b7aad304d8c54fcd963005804751cd27_mv2.jpg]
[static.wixstatic.com/media/3031f2_e5d7d975e9ec4cbb8bbd3cc10d8635a0_mv2.jpg/v1/fill/w_320,h_240,q_90/3031f2_e5d7d975e9ec4cbb8bbd3cc10d8635a0_mv2.jpg]
[www.centurypinesresort.com/activity-cameron-highlands/cameron-highlands-flora-park.html]
[static.wixstatic.com/media/3031f2_10d1df59a76d45a3b8a4bfeb9c2dfe33_mv2.jpg/v1/fill/w_320,h_240,q_90/3031f2_10d1df59a76d45a3b8a4bfeb9c2dfe33_mv2.jpg]
[static.wixstatic.com/media/3031f2_f97b6d7e67ea42aea77ceaebde31e641_mv2.jpg/v1/fill/w_320,h_240,q_90/3031f2_f97b6d7e67ea42aea77ceaebde31e641_mv2.jpg]
[static.wixstatic.com/media/3031f2_b9488250104e455fb95b7218c6b4ee06_mv2.jpg/v1/fill/w_320,h_240,q_90/3031f2_b9488250104e455fb95b7218c6b4ee06_mv2.jpg]
[www.centurypinesresort.com/activity-cameron-highlands/majlis-daerah-cameron-highlands-public-field.html]
[static.wixstatic.com/media/3031f2_c4fc8e6d3c2e44d9ad7e909da4a7c431_mv2.jpg/v1/fill/w_320,h_240,q_90/3031f2_c4fc8e6d3c2e44d9ad7e909da4a7c431_mv2.jpg]
[static.wixstatic.com/media/3031f2_94464f1fc3624c578e4154bdddf71fb2_mv2.jpg/v1/fill/w_320,h_240,q_90/3031f2_94464f1fc3624c578e4154bdddf71fb2_mv2.jpg]
[static.wixstatic.com/media/3031f2_d29c071aadca40598c48dc2094fd4da9_mv2.jpg/v1/fill/w_320,h_240,q_90/3031f2_d29c071aadca40598c48dc2094fd4da9_mv2.jpg]
[www.centurypinesresort.com/activity-cameron-highlands/rose-valley.html]
[static.wixstatic.com/media/3031f2_86c01e64fa4b49bd94954a3bf805c510_mv2.jpg/v1/fill/w_320,h_240,q_90/3031f2_86c01e64fa4b49bd94954a3bf805c510_mv2.jpg]
[static.wixstatic.com/media/3031f2_574f8d8ef0b14e239b80677c108a5d80_mv2.jpg/v1/fill/w_320,h_240,q_90/3031f2_574f8d8ef0b14e239b80677c108a5d80_mv2.jpg]
[static.wixstatic.com/media/3031f2_b4422b8be431443794be5e8b32801eed_mv2.jpg/v1/fill/w_320,h_240,q_90/3031f2_b4422b8be431443794be5e8b32801eed_mv2.jpg]
[www.centurypinesresort.com/activity-cameron-highlands/cat-house-cameron-highlands.html]
[static.wixstatic.com/media/3031f2_7c9d17ba0eb54f0393595aace20102e4_mv2.jpg/v1/fill/w_320,h_240,q_90/3031f2_7c9d17ba0eb54f0393595aace20102e4_mv2.jpg]
[static.wixstatic.com/media/3031f2_6c36d84a402c499696a3b3a9c9034880_mv2.jpg/v1/fill/w_320,h_240,q_90/3031f2_6c36d84a402c499696a3b3a9c9034880_mv2.jpg]
[static.wixstatic.com/media/3031f2_4aea1620631b4f9c8ad3b5ad59a37021_mv2.jpg/v1/fill/w_320,h_240,q_90/3031f2_4aea1620631b4f9c8ad3b5ad59a37021_mv2.jpg]
[www.centurypinesresort.com/activity-cameron-highlands/tanah-rata-coronation-park.html]
[static.wixstatic.com/media/3031f2_91885a5b29514c988a07473b679ecbf9_mv2.jpg/v1/fill/w_320,h_240,q_90/3031f2_91885a5b29514c988a07473b679ecbf9_mv2.jpg]
[static.wixstatic.com/media/3031f2_a9291ed2cbbf4281a4349997162b6ed0_mv2.jpg/v1/fill/w_320,h_240,q_90/3031f2_a9291ed2cbbf4281a4349997162b6ed0_mv2.jpg]
[static.wixstatic.com/media/3031f2_de1090d3c4ff4c3685f91bd827e7e1ee_mv2.jpg/v1/fill/w_320,h_240,q_90/3031f2_de1090d3c4ff4c3685f91bd827e7e1ee_mv2.jpg]
[www.centurypinesresort.com/activity-cameron-highlands/raju's-hill-strawberry-farm.html]
[static.wixstatic.com/media/3031f2_3129fc4f2204464b94a24d30cf104c3a_mv2.jpg/v1/fill/w_320,h_240,q_90/3031f2_3129fc4f2204464b94a24d30cf104c3a_mv2.jpg]
[static.wixstatic.com/media/3031f2_16b734088a7949488285e973c44cb58f_mv2.jpg/v1/fill/w_320,h_160,q_90/3031f2_16b734088a7949488285e973c44cb58f_mv2.jpg]
[static.wixstatic.com/media/3031f2_64a412c2bf034de09cd86f9ecd7acf50_mv2.jpg/v1/fill/w_320,h_240,q_90/3031f2_64a412c2bf034de09cd86f9ecd7acf50_mv2.jpg]
[www.centurypinesresort.com/activity-cameron-highlands/cameron-centrum-clock-tower.html]
[static.wixstatic.com/media/3031f2_fb21c8fa1531425394da6e1f72962e52_mv2.jpg/v1/fill/w_320,h_240,q_90/3031f2_fb21c8fa1531425394da6e1f72962e52_mv2.jpg]
[static.wixstatic.com/media/3031f2_a14304c2cd054688ba8fdb549be4c1d5_mv2.jpg/v1/fill/w_320,h_240,q_90/3031f2_a14304c2cd054688ba8fdb549be4c1d5_mv2.jpg]
[static.wixstatic.com/media/3031f2_f77af6d4cf6945bc9742f4d705ba0b9e_mv2.jpg/v1/fill/w_320,h_240,q_90/3031f2_f77af6d4cf6945bc9742f4d705ba0b9e_mv2.jpg]
[www.centurypinesresort.com/activity-cameron-highlands/taman-sedia-village.html]
[static.wixstatic.com/media/3031f2_77b74ed353044a2baf9c02bdb75c9d8d_mv2.jpg/v1/fill/w_320,h_240,q_90/3031f2_77b74ed353044a2baf9c02bdb75c9d8d_mv2.jpg]
[static.wixstatic.com/media/3031f2_0ffbf5317a52452c831c540c29e3da2d_mv2.jpg/v1/fill/w_320,h_240,q_90/3031f2_0ffbf5317a52452c831c540c29e3da2d_mv2.jpg]
[static.wixstatic.com/media/3031f2_c4166f9bee2d40e8908e3891240332de_mv2.jpg/v1/fill/w_320,h_240,q_90/3031f2_c4166f9bee2d40e8908e3891240332de_mv2.jpg]
[www.centurypinesresort.com/activity-cameron-highlands/iconic-cameron-sunrise-viewing-spot.html]
[static.wixstatic.com/media/3031f2_31ef29a52f764589b697061a824f6dd9_mv2.jpg/v1/fill/w_320,h_240,q_90/3031f2_31ef29a52f764589b697061a824f6dd9_mv2.jpg]
[static.wixstatic.com/media/3031f2_9bade120c070432ab8c972b7f83b316b_mv2.jpg/v1/fill/w_320,h_240,q_90/3031f2_9bade120c070432ab8c972b7f83b316b_mv2.jpg]
[static.wixstatic.com/media/3031f2_8d23d8b8c2874b2aab336cca374ca347_mv2.jpg/v1/fill/w_320,h_240,q_90/3031f2_8d23d8b8c2874b2aab336cca374ca347_mv2.jpg]
[www.centurypinesresort.com/activity-cameron-highlands/centrum-boulevard-shopping-mall.html]
[static.wixstatic.com/media/3031f2_e3406027bb884bc3b81f37f67b5407f0_mv2.jpg/v1/fill/w_320,h_240,q_90/3031f2_e3406027bb884bc3b81f37f67b5407f0_mv2.jpg]
[static.wixstatic.com/media/3031f2_fd058b3fe24949298ea6616b73ad2f52_mv2.jpg/v1/fill/w_320,h_240,q_90/3031f2_fd058b3fe24949298ea6616b73ad2f52_mv2.jpg]
[static.wixstatic.com/media/3031f2_0259ff2f5a104059a7cbde8bbc4a7e68_mv2.jpg/v1/fill/w_320,h_240,q_90/3031f2_0259ff2f5a104059a7cbde8bbc4a7e68_mv2.jpg]
[www.centurypinesresort.com/activity-cameron-highlands/the-sheep-sanctuary.html]
[static.wixstatic.com/media/3031f2_a348b0ab73384d5d848cd521e56d2dac_mv2.jpg/v1/fill/w_320,h_240,q_90/3031f2_a348b0ab73384d5d848cd521e56d2dac_mv2.jpg]
[static.wixstatic.com/media/3031f2_4d054cac42a74a1f85d1bc81314e0f95_mv2.png/v1/fill/w_320,h_240,q_90/3031f2_4d054cac42a74a1f85d1bc81314e0f95_mv2.png]
[static.wixstatic.com/media/3031f2_e78ca47a2f0a4937a3b5b27904987d53_mv2.jpg/v1/fill/w_320,h_240,q_90/3031f2_e78ca47a2f0a4937a3b5b27904987d53_mv2.jpg]
[www.centurypinesresort.com/activity-cameron-highlands/hobbiton-village-@-flora-park.html]
[www.centurypinesresort.com/activity-cameron-highlands/media/emptystate.85a4add5.html]
[www.centurypinesresort.com/activity-cameron-highlands/robots.html]
[www.centurypinesresort.com/activity-cameron-highlands/sitemap.html]
[www.centurypinesresort.com/activity-cameron-highlands/feed.html]
[www.centurypinesresort.com/activity-cameron-highlands/decodeURIComponent(e.html]
